<?xml version="1.0" encoding="UTF-8" ?>
<testsuite errors="0" failures="0" hostname="diego-Lenovo-G470" name="TodoTest" skipped="0" tests="11" time="0.446" timestamp="2016-06-03T08:41:57">
  <properties>
    <property name="libs.jsp-compiler.javadoc" value="" />
    <property name="nb.wait.for.caches" value="true" />
    <property name="javac.test.classpath" value=":build/classes:/home/diego/netbeans-8.1/platform/modules/ext/junit-4.12.jar:/home/diego/netbeans-8.1/platform/modules/ext/hamcrest-core-1.3.jar" />
    <property name="libs.jsf20.maven-pom" value="" />
    <property name="ant.library.dir" value="/home/diego/Descargas/ant/lib" />
    <property name="libs.spring-webmvc4.0.src" value="" />
    <property name="ant.core.lib" value="/home/diego/Descargas/ant/lib/ant.jar" />
    <property name="javadoc.windowtitle" value="" />
    <property name="libs.jsp-compilation.javadoc" value="" />
    <property name="user.dir" value="/home/diego/NetBeansProjects/TA2Evo" />
    <property name="java.vm.version" value="24.75-b04" />
    <property name="libs.MySQLDriver.classpath" value="/home/diego/netbeans-8.1/ide/modules/ext/mysql-connector-java-5.1.23-bin.jar" />
    <property name="libs.eclipselinkmodelgen.src" value="" />
    <property name="javadoc.notree" value="false" />
    <property name="libs.EclipseLink-GlassFish-v3.classpath" value="/home/diego/GlassFish_Server/glassfish/modules/org.eclipse.persistence.core.jar:/home/diego/GlassFish_Server/glassfish/modules/org.eclipse.persistence.jpa.modelgen.processor.jar:/home/diego/GlassFish_Server/glassfish/modules/org.eclipse.persistence.antlr.jar:/home/diego/GlassFish_Server/glassfish/modules/org.eclipse.persistence.dbws.jar:/home/diego/GlassFish_Server/glassfish/modules/org.eclipse.persistence.oracle.jar:/home/diego/GlassFish_Server/glassfish/modules/org.eclipse.persistence.jpa.jpql.jar:/home/diego/GlassFish_Server/glassfish/modules/org.eclipse.persistence.jpa.jar:/home/diego/GlassFish_Server/glassfish/modules/org.eclipse.persistence.asm.jar:/home/diego/GlassFish_Server/glassfish/modules/org.eclipse.persistence.moxy.jar:/home/diego/GlassFish_Server/glassfish/modules/javax.persistence.jar" />
    <property name="libs.javaee-web-api-6.0.classpath" value="/home/diego/netbeans-8.1/enterprise/modules/ext/javaee-web-api-6.0.jar" />
    <property name="libs.Java-EE-GlassFish-v3-Prelude.javadoc" value="" />
    <property name="javac.profile.cmd.line.arg" value="" />
    <property name="libs.javac-api.src" value="" />
    <property name="javadoc.noindex" value="false" />
    <property name="libs.jpa2-persistence.classpath" value="/home/diego/netbeans-8.1/java/modules/ext/hibernate4/hibernate-jpa-2.1-api-1.0.0.Final.jar" />
    <property name="sun.os.patch.level" value="unknown" />
    <property name="libs.Java-EE-GlassFish-v3-Prelude.src" value="" />
    <property name="do.archive+manifest.available" value="true" />
    <property name="java.vm.specification.name" value="Java Virtual Machine Specification" />
    <property name="have.tests" value="true" />
    <property name="libs.hamcrest.classpath" value="/home/diego/netbeans-8.1/platform/modules/ext/hamcrest-core-1.3.jar" />
    <property name="libs.javac-api.javadoc" value="" />
    <property name="os.name" value="Linux" />
    <property name="libs.beans-binding.classpath" value="/home/diego/netbeans-8.1/java/modules/ext/beansbinding-1.2.1.jar" />
    <property name="libs.JWSAntTasks.maven-pom" value="" />
    <property name="libs.jstl.classpath" value="/home/diego/netbeans-8.1/enterprise/modules/ext/jstl-impl.jar:/home/diego/netbeans-8.1/enterprise/modules/ext/jstl-api.jar" />
    <property name="libs.testng.src" value="" />
    <property name="libs.spring-webmvc3.0.src" value="" />
    <property name="java.vendor.url.bug" value="http://bugreport.sun.com/bugreport/" />
    <property name="libs.jaxb.maven-pom" value="" />
    <property name="os.arch" value="amd64" />
    <property name="libs.eclipselink.src" value="" />
    <property name="user.name" value="diego" />
    <property name="libs.jsf12.javadoc" value="" />
    <property name="libs.Comet-GlassFish-v3.javadoc" value="" />
    <property name="copylibs.rebase" value="true" />
    <property name="libs.spring-webmvc3.0.maven-pom" value="" />
    <property name="libs.swing-layout.maven-pom" value="" />
    <property name="sun.java.command" value="org.apache.tools.ant.taskdefs.optional.junit.JUnitTestRunner TodoTest skipNonTests=false filtertrace=true haltOnError=false haltOnFailure=false showoutput=true outputtoformatters=true logfailedtests=true threadid=0 logtestlistenerevents=false formatter=org.apache.tools.ant.taskdefs.optional.junit.BriefJUnitResultFormatter formatter=org.apache.tools.ant.taskdefs.optional.junit.XMLJUnitResultFormatter,/home/diego/NetBeansProjects/TA2Evo/build/test/results/TEST-TodoTest.xml crashfile=/home/diego/NetBeansProjects/TA2Evo/build/junitvmwatcher4892516538083154351.properties propsfile=/home/diego/NetBeansProjects/TA2Evo/build/junit2563282320435796984.properties" />
    <property name="build.classes.dir" value="build/classes" />
    <property name="build.sysclasspath" value="ignore" />
    <property name="java.failonerror" value="true" />
    <property name="libs.jaxws21.javadoc" value="/home/diego/netbeans-8.1/java/docs/jaxws-api-doc.zip" />
    <property name="libs.spring-webmvc4.0.javadoc" value="" />
    <property name="includes" value="**" />
    <property name="user.country" value="PE" />
    <property name="manifest.file" value="manifest.mf" />
    <property name="javadoc.encoding" value="UTF-8" />
    <property name="javac.classpath" value="" />
    <property name="libs.jsp-compilation-syscp.src" value="" />
    <property name="libs.JAVADB_DRIVER_LABEL.src" value="" />
    <property name="libs.spring-framework400.classpath" value="/home/diego/netbeans-8.1/ide/modules/org-apache-commons-logging.jar:/home/diego/netbeans-8.1/java/modules/ext/cglib-2.2.jar:/home/diego/netbeans-8.1/java/modules/ext/spring-4/spring-aop-4.0.1.RELEASE.jar:/home/diego/netbeans-8.1/java/modules/ext/spring-4/spring-aspects-4.0.1.RELEASE.jar:/home/diego/netbeans-8.1/java/modules/ext/spring-4/spring-beans-4.0.1.RELEASE.jar:/home/diego/netbeans-8.1/java/modules/ext/spring-4/spring-build-src-4.0.1.RELEASE.jar:/home/diego/netbeans-8.1/java/modules/ext/spring-4/spring-context-4.0.1.RELEASE.jar:/home/diego/netbeans-8.1/java/modules/ext/spring-4/spring-context-support-4.0.1.RELEASE.jar:/home/diego/netbeans-8.1/java/modules/ext/spring-4/spring-core-4.0.1.RELEASE.jar:/home/diego/netbeans-8.1/java/modules/ext/spring-4/spring-expression-4.0.1.RELEASE.jar:/home/diego/netbeans-8.1/java/modules/ext/spring-4/spring-framework-bom-4.0.1.RELEASE.jar:/home/diego/netbeans-8.1/java/modules/ext/spring-4/spring-instrument-4.0.1.RELEASE.jar:/home/diego/netbeans-8.1/java/modules/ext/spring-4/spring-instrument-tomcat-4.0.1.RELEASE.jar:/home/diego/netbeans-8.1/java/modules/ext/spring-4/spring-jdbc-4.0.1.RELEASE.jar:/home/diego/netbeans-8.1/java/modules/ext/spring-4/spring-jms-4.0.1.RELEASE.jar:/home/diego/netbeans-8.1/java/modules/ext/spring-4/spring-messaging-4.0.1.RELEASE.jar:/home/diego/netbeans-8.1/java/modules/ext/spring-4/spring-orm-4.0.1.RELEASE.jar:/home/diego/netbeans-8.1/java/modules/ext/spring-4/spring-oxm-4.0.1.RELEASE.jar:/home/diego/netbeans-8.1/java/modules/ext/spring-4/spring-test-4.0.1.RELEASE.jar:/home/diego/netbeans-8.1/java/modules/ext/spring-4/spring-tx-4.0.1.RELEASE.jar:/home/diego/netbeans-8.1/java/modules/ext/spring-4/spring-web-4.0.1.RELEASE.jar:/home/diego/netbeans-8.1/java/modules/ext/spring-4/spring-webmvc-4.0.1.RELEASE.jar:/home/diego/netbeans-8.1/java/modules/ext/spring-4/spring-webmvc-portlet-4.0.1.RELEASE.jar:/home/diego/netbeans-8.1/java/modules/ext/spring-4/spring-websocket-4.0.1.RELEASE.jar" />
    <property name="debug-transport" value="dt_socket" />
    <property name="libs.javaee-web-api-6.0.src" value="" />
    <property name="libs.jsp-compilation-syscp.classpath" value="/home/diego/netbeans-8.1/extide/ant/lib/ant.jar:/home/diego/netbeans-8.1/enterprise/modules/ext/servlet3.1-jsp2.3-api.jar:/home/diego/netbeans-8.1/enterprise/modules/ext/glassfish-jspparser-4.0.jar:/home/diego/netbeans-8.1/enterprise/modules/ext/jstl-impl.jar:/home/diego/netbeans-8.1/enterprise/modules/ext/jsf-2_2/javax.faces.jar" />
    <property name="java.endorsed.dirs" value="/usr/lib/jvm/java-7-openjdk-amd64/jre/lib/endorsed" />
    <property name="libs.Comet-GlassFish-v3.maven-pom" value="" />
    <property name="java.vm.specification.version" value="1.7" />
    <property name="libs.hibernate4-support.src" value="" />
    <property name="libs.primefaces.classpath" value="/home/diego/netbeans-8.1/enterprise/modules/ext/primefaces/primefaces-5.0.jar" />
    <property name="libs.javaee-api-6.0.classpath" value="/home/diego/netbeans-8.1/enterprise/modules/ext/javaee-api-6.0.jar" />
    <property name="libs.jaxws21.src" value="" />
    <property name="application.title" value="TA2Evo" />
    <property name="do.archive" value="true" />
    <property name="java.vendor" value="Oracle Corporation" />
    <property name="libs.javaee-api-6.0.javadoc" value="" />
    <property name="jar.index.metainf" value="false" />
    <property name="javac.debug" value="true" />
    <property name="javadoc.splitindex" value="true" />
    <property name="file.separator" value="/" />
    <property name="libs.Java-EE-GlassFish-v3-Prelude.maven-pom" value="" />
    <property name="libs.junit_4.maven-pom" value="" />
    <property name="mkdist.disabled" value="false" />
    <property name="javac.test.processorpath" value=":build/classes:/home/diego/netbeans-8.1/platform/modules/ext/junit-4.12.jar:/home/diego/netbeans-8.1/platform/modules/ext/hamcrest-core-1.3.jar" />
    <property name="libs.JWSAntTasks.javadoc" value="" />
    <property name="build.generated.sources.dir" value="build/generated-sources" />
    <property name="libs.eclipselinkmodelgen.classpath" value="/home/diego/netbeans-8.1/java/modules/ext/eclipselink/org.eclipse.persistence.jpa.modelgen_2.5.2.v20140319-9ad6abd.jar" />
    <property name="sun.java.launcher" value="SUN_STANDARD" />
    <property name="libs.hibernate4-persistencemodelgen.javadoc" value="" />
    <property name="libs.jaxb.javadoc" value="/home/diego/netbeans-8.1/ide/docs/jaxb-api-doc.zip" />
    <property name="libs.struts.classpath" value="/home/diego/netbeans-8.1/enterprise/modules/ext/struts/antlr-2.7.2.jar:/home/diego/netbeans-8.1/enterprise/modules/ext/struts/bsf-2.3.0.jar:/home/diego/netbeans-8.1/enterprise/modules/ext/struts/commons-beanutils-1.8.0.jar:/home/diego/netbeans-8.1/enterprise/modules/ext/struts/commons-chain-1.2.jar:/home/diego/netbeans-8.1/enterprise/modules/ext/struts/commons-digester-1.8.jar:/home/diego/netbeans-8.1/enterprise/modules/ext/struts/commons-fileupload-1.1.1.jar:/home/diego/netbeans-8.1/enterprise/modules/ext/struts/commons-io-1.1.jar:/home/diego/netbeans-8.1/enterprise/modules/ext/struts/commons-logging-1.0.4.jar:/home/diego/netbeans-8.1/enterprise/modules/ext/struts/commons-validator-1.3.1.jar:/home/diego/netbeans-8.1/enterprise/modules/ext/struts/jstl-1.0.2.jar:/home/diego/netbeans-8.1/enterprise/modules/ext/struts/oro-2.0.8.jar:/home/diego/netbeans-8.1/enterprise/modules/ext/struts/standard-1.0.6.jar:/home/diego/netbeans-8.1/enterprise/modules/ext/struts/struts-core-1.3.10.jar:/home/diego/netbeans-8.1/enterprise/modules/ext/struts/struts-el-1.3.10.jar:/home/diego/netbeans-8.1/enterprise/modules/ext/struts/struts-extras-1.3.10.jar:/home/diego/netbeans-8.1/enterprise/modules/ext/struts/struts-faces-1.3.10.jar:/home/diego/netbeans-8.1/enterprise/modules/ext/struts/struts-mailreader-dao-1.3.10.jar:/home/diego/netbeans-8.1/enterprise/modules/ext/struts/struts-scripting-1.3.10.jar:/home/diego/netbeans-8.1/enterprise/modules/ext/struts/struts-taglib-1.3.10.jar:/home/diego/netbeans-8.1/enterprise/modules/ext/struts/struts-tiles-1.3.10.jar" />
    <property name="ant.home" value="/home/diego/Descargas/ant" />
    <property name="libs.junit_4.src" value="/home/diego/netbeans-8.1/platform/docs/junit-4.12-sources.jar" />
    <property name="libs.testng.classpath" value="/home/diego/netbeans-8.1/platform/modules/ext/testng-6.8.1-dist.jar" />
    <property name="libs.absolutelayout.maven-pom" value="" />
    <property name="ant.java.version" value="1.7" />
    <property name="java.library.path" value="/usr/java/packages/lib/amd64:/usr/lib/x86_64-linux-gnu/jni:/lib/x86_64-linux-gnu:/usr/lib/x86_64-linux-gnu:/usr/lib/jni:/lib:/usr/lib" />
    <property name="javadoc.author" value="false" />
    <property name="libs.metro.maven-pom" value="" />
    <property name="libs.EclipseLink-GlassFish-v3.src" value="" />
    <property name="libs.spring-framework400.src" value="" />
    <property name="libs.PostgreSQLDriver.src" value="" />
    <property name="sun.arch.data.model" value="64" />
    <property name="basedir" value="/home/diego/NetBeansProjects/TA2Evo" />
    <property name="libs.jpa20-persistence.maven-pom" value="" />
    <property name="jar.compress" value="false" />
    <property name="path.separator" value=":" />
    <property name="libs.javaee-web-api-6.0.javadoc" value="" />
    <property name="sun.io.unicode.encoding" value="UnicodeLittle" />
    <property name="libs.jaxws21.classpath" value="/home/diego/netbeans-8.1/ide/modules/ext/jaxb/jaxb-impl.jar:/home/diego/netbeans-8.1/ide/modules/ext/jaxb/jaxb-xjc.jar:/home/diego/netbeans-8.1/java/modules/ext/jaxws22/FastInfoset.jar:/home/diego/netbeans-8.1/java/modules/ext/jaxws22/gmbal-api-only.jar:/home/diego/netbeans-8.1/java/modules/ext/jaxws22/ha-api.jar:/home/diego/netbeans-8.1/java/modules/ext/jaxws22/javax.mail_1.4.jar:/home/diego/netbeans-8.1/java/modules/ext/jaxws22/jaxws-rt.jar:/home/diego/netbeans-8.1/java/modules/ext/jaxws22/jaxws-tools.jar:/home/diego/netbeans-8.1/java/modules/ext/jaxws22/management-api.jar:/home/diego/netbeans-8.1/java/modules/ext/jaxws22/mimepull.jar:/home/diego/netbeans-8.1/java/modules/ext/jaxws22/policy.jar:/home/diego/netbeans-8.1/java/modules/ext/jaxws22/saaj-impl.jar:/home/diego/netbeans-8.1/java/modules/ext/jaxws22/stax-ex.jar:/home/diego/netbeans-8.1/java/modules/ext/jaxws22/stax2-api.jar:/home/diego/netbeans-8.1/java/modules/ext/jaxws22/streambuffer.jar:/home/diego/netbeans-8.1/java/modules/ext/jaxws22/woodstox-core-asl.jar:/home/diego/netbeans-8.1/java/modules/ext/jaxws22/api/jaxws-api.jar:/home/diego/netbeans-8.1/java/modules/ext/jaxws22/api/jsr181-api.jar:/home/diego/netbeans-8.1/java/modules/ext/jaxws22/api/javax.annotation.jar:/home/diego/netbeans-8.1/java/modules/ext/jaxws22/api/saaj-api.jar:/home/diego/netbeans-8.1/ide/modules/ext/jaxb/activation.jar:/home/diego/netbeans-8.1/ide/modules/ext/jaxb/api/jaxb-api.jar:/home/diego/netbeans-8.1/ide/modules/ext/jaxb/api/jsr173_1.0_api.jar" />
    <property name="libs.struts.src" value="" />
    <property name="compile.on.save" value="true" />
    <property name="user.language" value="es" />
    <property name="testng.mode" value="testng" />
    <property name="libs.JAXB-ENDORSED.maven-pom" value="" />
    <property name="libs.eclipselink.maven-pom" value="" />
    <property name="application.vendor" value="diego" />
    <property name="test.binaryincludes" value="&lt;nothing&gt;" />
    <property name="manifest.available" value="true" />
    <property name="libs.primefaces.javadoc" value="" />
    <property name="libs.spring-framework300.maven-pom" value="" />
    <property name="run.test.classpath" value=":build/classes:/home/diego/netbeans-8.1/platform/modules/ext/junit-4.12.jar:/home/diego/netbeans-8.1/platform/modules/ext/hamcrest-core-1.3.jar:build/test/classes" />
    <property name="ant.project.invoked-targets" value="test" />
    <property name="test.binaryexcludes" value="" />
    <property name="libs.swing-layout.javadoc" value="/home/diego/netbeans-8.1/platform/docs/swing-layout-1.0.4-doc.zip" />
    <property name="libs.hibernate4-persistence.maven-pom" value="" />
    <property name="libs.PostgreSQLDriver.maven-pom" value="" />
    <property name="java.class.version" value="51.0" />
    <property name="libs.JAVADB_DRIVER_LABEL.classpath" value="/home/diego/jdk1.8.0_91/db/lib/derby.jar:/home/diego/jdk1.8.0_91/db/lib/derbyclient.jar:/home/diego/jdk1.8.0_91/db/lib/derbynet.jar" />
    <property name="libs.hibernate4-persistencemodelgen.maven-pom" value="" />
    <property name="libs.javaee-endorsed-api-6.0.src" value="" />
    <property name="libs.eclipselink.javadoc" value="/home/diego/netbeans-8.1/java/modules/ext/docs/javax.persistence-2.1.0-doc.zip" />
    <property name="libs.jsp-compilation.maven-pom" value="" />
    <property name="user.properties.file" value="/home/diego/.netbeans/8.1/build.properties" />
    <property name="runtime.encoding" value="UTF-8" />
    <property name="libs.javac-api.maven-pom" value="" />
    <property name="libs.javaee-api-5.0.maven-pom" value="" />
    <property name="file.encoding.pkg" value="sun.io" />
    <property name="sun.cpu.endian" value="little" />
    <property name="libs.JAXB-ENDORSED.javadoc" value="" />
    <property name="libs.JWSAntTasks.classpath" value="/home/diego/netbeans-8.1/java/ant/extra/org-netbeans-modules-javawebstart-anttasks.jar" />
    <property name="libs.spring-webmvc4.0.maven-pom" value="" />
    <property name="libs.spring-framework300.src" value="" />
    <property name="libs.jstl.src" value="" />
    <property name="empty.dir" value="/home/diego/NetBeansProjects/TA2Evo/build/empty" />
    <property name="ant.file.type.TA2Evo" value="file" />
    <property name="version-output" value="java version &quot;1.7" />
    <property name="test.binarytestincludes" value="" />
    <property name="libs.hibernate4-persistencemodelgen.src" value="" />
    <property name="javadoc.preview" value="true" />
    <property name="libs.jpa20-persistence.javadoc" value="/home/diego/netbeans-8.1/java/modules/ext/docs/javax.persistence-2.1.0-doc.zip" />
    <property name="java.home" value="/usr/lib/jvm/java-7-openjdk-amd64/jre" />
    <property name="libs.jsp-compilation.src" value="" />
    <property name="debug.test.classpath" value=":build/classes:/home/diego/netbeans-8.1/platform/modules/ext/junit-4.12.jar:/home/diego/netbeans-8.1/platform/modules/ext/hamcrest-core-1.3.jar:build/test/classes" />
    <property name="libs.javaee-endorsed-api-6.0.classpath" value="/home/diego/netbeans-8.1/enterprise/modules/ext/javaee6-endorsed/javax.annotation.jar:/home/diego/netbeans-8.1/enterprise/modules/ext/javaee6-endorsed/jaxb-api-osgi.jar:/home/diego/netbeans-8.1/enterprise/modules/ext/javaee6-endorsed/webservices-api-osgi.jar" />
    <property name="libs.javaee-api-6.0.src" value="" />
    <property name="ant.project.default-target" value="default" />
    <property name="annotation.processing.run.all.processors" value="true" />
    <property name="libs.PostgreSQLDriver.javadoc" value="" />
    <property name="libs.MySQLDriver.maven-pom" value="" />
    <property name="libs.hibernate4-persistence.javadoc" value="/home/diego/netbeans-8.1/java/modules/ext/docs/javax.persistence-2.1.0-doc.zip" />
    <property name="ant.file.TA2Evo-impl" value="/home/diego/NetBeansProjects/TA2Evo/nbproject/build-impl.xml" />
    <property name="libs.junit_4.javadoc" value="/home/diego/netbeans-8.1/platform/docs/junit-4.12-javadoc.jar" />
    <property name="libs.EclipseLink-GlassFish-v3.maven-pom" value="" />
    <property name="libs.javaee-web-api-6.0.maven-pom" value="" />
    <property name="run.classpath" value=":build/classes" />
    <property name="libs.javaee-endorsed-api-6.0.javadoc" value="" />
    <property name="libs.spring-webmvc3.0.javadoc" value="" />
    <property name="libs.jpa2-persistence.maven-pom" value="" />
    <property name="annotation.processing.enabled.in.editor" value="false" />
    <property name="libs.hibernate4-support.classpath" value="/home/diego/netbeans-8.1/java/modules/ext/hibernate4/antlr-2.7.7.jar:/home/diego/netbeans-8.1/java/modules/ext/hibernate4/c3p0-0.9.2.1.jar:/home/diego/netbeans-8.1/java/modules/ext/hibernate4/hibernate-c3p0-4.3.1.Final.jar:/home/diego/netbeans-8.1/java/modules/ext/hibernate4/mchange-commons-java-0.2.3.4.jar:/home/diego/netbeans-8.1/java/modules/ext/hibernate4/dom4j-1.6.1.jar:/home/diego/netbeans-8.1/java/modules/ext/hibernate4/ehcache-core-2.4.3.jar:/home/diego/netbeans-8.1/java/modules/ext/hibernate4/hibernate-ehcache-4.3.1.Final.jar:/home/diego/netbeans-8.1/java/modules/ext/hibernate4/hibernate-core-4.3.1.Final.jar:/home/diego/netbeans-8.1/java/modules/ext/hibernate4/jboss-logging-3.1.3.GA.jar:/home/diego/netbeans-8.1/java/modules/ext/hibernate4/hibernate-commons-annotations-4.0.4.Final.jar:/home/diego/netbeans-8.1/java/modules/ext/hibernate4/hibernate-entitymanager-4.3.1.Final.jar:/home/diego/netbeans-8.1/java/modules/ext/hibernate4/javassist-3.18.1-GA.jar:/home/diego/netbeans-8.1/java/modules/ext/hibernate4/jboss-transaction-api_1.2_spec-1.0.0.Final.jar:/home/diego/netbeans-8.1/java/modules/ext/hibernate4/slf4j-api-1.6.1.jar:/home/diego/netbeans-8.1/java/modules/ext/hibernate4/slf4j-simple-1.6.1.jar" />
    <property name="sun.management.compiler" value="HotSpot 64-Bit Tiered Compilers" />
    <property name="javac.deprecation" value="false" />
    <property name="javadoc.use" value="true" />
    <property name="libs.jsp-compiler.classpath" value="/home/diego/netbeans-8.1/enterprise/ant/extra/jspcompile.jar" />
    <property name="javac.processorpath" value="" />
    <property name="libs.hamcrest.maven-pom" value="" />
    <property name="javac.compilerargs" value="" />
    <property name="ant.file" value="/home/diego/NetBeansProjects/TA2Evo/build.xml" />
    <property name="libs.beans-binding.maven-pom" value="" />
    <property name="libs.hibernate4-support.javadoc" value="/home/diego/netbeans-8.1/java/modules/ext/docs/javax.persistence-2.1.0-doc.zip" />
    <property name="libs.jsf12.classpath" value="/home/diego/netbeans-8.1/enterprise/modules/ext/jsf-1_2/commons-beanutils.jar:/home/diego/netbeans-8.1/enterprise/modules/ext/jsf-1_2/commons-collections.jar:/home/diego/netbeans-8.1/enterprise/modules/ext/jsf-1_2/commons-digester.jar:/home/diego/netbeans-8.1/enterprise/modules/ext/jsf-1_2/commons-logging.jar:/home/diego/netbeans-8.1/enterprise/modules/ext/jsf-1_2/jsf-api.jar:/home/diego/netbeans-8.1/enterprise/modules/ext/jsf-1_2/jsf-impl.jar" />
    <property name="libs.Java-EE-GlassFish-v3-Prelude.classpath" value="/home/diego/GlassFish_Server/glassfish/modules/endorsed/webservices-api-osgi.jar:/home/diego/GlassFish_Server/glassfish/modules/endorsed/javax.annotation-api.jar:/home/diego/GlassFish_Server/glassfish/modules/endorsed/jaxb-api.jar:/home/diego/GlassFish_Server/glassfish/modules/javax.management.j2ee-api.jar:/home/diego/GlassFish_Server/glassfish/modules/javax.interceptor-api.jar:/home/diego/GlassFish_Server/glassfish/modules/javax.enterprise.deploy-api.jar:/home/diego/GlassFish_Server/glassfish/modules/javax.json.jar:/home/diego/GlassFish_Server/glassfish/modules/javax.websocket-api.jar:/home/diego/GlassFish_Server/glassfish/modules/webservices-osgi.jar:/home/diego/GlassFish_Server/glassfish/modules/javax.servlet-api.jar:/home/diego/GlassFish_Server/glassfish/modules/javax.resource-api.jar:/home/diego/GlassFish_Server/glassfish/modules/javax.servlet.jsp.jar:/home/diego/GlassFish_Server/glassfish/modules/jaxb-osgi.jar:/home/diego/GlassFish_Server/glassfish/modules/bean-validator.jar:/home/diego/GlassFish_Server/glassfish/modules/javax.el.jar:/home/diego/GlassFish_Server/glassfish/modules/javax.security.auth.message-api.jar:/home/diego/GlassFish_Server/glassfish/modules/javax.servlet.jsp-api.jar:/home/diego/GlassFish_Server/glassfish/modules/javax.faces.jar:/home/diego/GlassFish_Server/glassfish/modules/javax.security.jacc-api.jar:/home/diego/GlassFish_Server/glassfish/modules/javax.servlet.jsp.jstl-api.jar:/home/diego/GlassFish_Server/glassfish/modules/weld-osgi-bundle.jar:/home/diego/GlassFish_Server/glassfish/modules/javax.ejb-api.jar:/home/diego/GlassFish_Server/glassfish/modules/javax.persistence.jar:/home/diego/GlassFish_Server/glassfish/modules/javax.enterprise.concurrent-api.jar:/home/diego/GlassFish_Server/glassfish/modules/javax.enterprise.concurrent.jar:/home/diego/GlassFish_Server/glassfish/modules/javax.mail.jar:/home/diego/GlassFish_Server/glassfish/modules/javax.inject.jar:/home/diego/GlassFish_Server/glassfish/modules/javax.jms-api.jar:/home/diego/GlassFish_Server/glassfish/modules/cdi-api.jar:/home/diego/GlassFish_Server/glassfish/modules/javax.transaction-api.jar:/home/diego/GlassFish_Server/glassfish/modules/javax.ws.rs-api.jar:/home/diego/GlassFish_Server/glassfish/modules/javax.xml.rpc-api.jar:/home/diego/GlassFish_Server/glassfish/modules/javax.servlet.jsp.jstl.jar:/home/diego/GlassFish_Server/glassfish/modules/javax.batch-api.jar:/home/diego/GlassFish_Server/glassfish/modules/javax.xml.registry-api.jar:/home/diego/GlassFish_Server/mq/lib/jaxm-api.jar" />
    <property name="libs.jstl.maven-pom" value="" />
    <property name="libs.javaee-api-5.0.src" value="" />
    <property name="libs.beans-binding.src" value="" />
    <property name="java.vm.specification.vendor" value="Oracle Corporation" />
    <property name="libs.swing-layout.src" value="/home/diego/netbeans-8.1/platform/docs/swing-layout-1.0.4-src.zip" />
    <property name="java.vm.name" value="OpenJDK 64-Bit Server VM" />
    <property name="javadoc.additionalparam" value="" />
    <property name="java.io.tmpdir" value="/tmp" />
    <property name="java.vendor.url" value="http://java.oracle.com/" />
    <property name="endorsed.classpath.cmd.line.arg" value="" />
    <property name="junit.available" value="true" />
    <property name="libs.javaee-api-5.0.javadoc" value="" />
    <property name="libs.jsp-compiler.src" value="" />
    <property name="sun.boot.library.path" value="/usr/lib/jvm/java-7-openjdk-amd64/jre/lib/amd64" />
    <property name="have.sources" value="true" />
    <property name="libs.hamcrest.javadoc" value="" />
    <property name="debug.classpath" value=":build/classes" />
    <property name="javac.external.vm" value="true" />
    <property name="javadoc.private" value="false" />
    <property name="test.src.dir" value="test" />
    <property name="libs.jsf20.classpath" value="/home/diego/netbeans-8.1/enterprise/modules/ext/jsf-2_2/javax.faces.jar" />
    <property name="meta.inf.dir" value="src/META-INF" />
    <property name="javadoc.encoding.used" value="UTF-8" />
    <property name="dist.jar" value="dist/TA2Evo.jar" />
    <property name="libs.spring-framework400.maven-pom" value="" />
    <property name="java.runtime.name" value="OpenJDK Runtime Environment" />
    <property name="ant.project.name" value="TA2Evo" />
    <property name="libs.jsp-compilation-syscp.maven-pom" value="" />
    <property name="sun.cpu.isalist" value="" />
    <property name="libs.spring-framework400.javadoc" value="" />
    <property name="libs.CopyLibs.javadoc" value="" />
    <property name="user.home" value="/home/diego" />
    <property name="annotation.processing.processors.list" value="" />
    <property name="libs.primefaces.maven-pom" value="" />
    <property name="debug-args-line" value="-Xdebug" />
    <property name="libs.javaee-api-6.0.maven-pom" value="" />
    <property name="libs.JWSAntTasks.src" value="" />
    <property name="jar.index" value="false" />
    <property name="libs.CopyLibs.maven-pom" value="" />
    <property name="libs.spring-framework300.javadoc" value="" />
    <property name="libs.absolutelayout.javadoc" value="" />
    <property name="java.specification.name" value="Java Platform API Specification" />
    <property name="do.archive+main.class.available" value="true" />
    <property name="java.specification.vendor" value="Oracle Corporation" />
    <property name="libs.javac-api.classpath" value="/home/diego/netbeans-8.1/java/modules/ext/nb-javac-api.jar" />
    <property name="java.version" value="1.7.0_75" />
    <property name="run.jvmargs.ide" value="" />
    <property name="javadoc.version" value="false" />
    <property name="libs.MySQLDriver.javadoc" value="" />
    <property name="platform.java" value="/usr/lib/jvm/java-7-openjdk-amd64/jre/bin/java" />
    <property name="source.encoding" value="UTF-8" />
    <property name="ap.cmd.line.internal" value="" />
    <property name="libs.eclipselinkmodelgen.maven-pom" value="" />
    <property name="libs.jsp-compilation-syscp.javadoc" value="" />
    <property name="libs.eclipselinkmodelgen.javadoc" value="" />
    <property name="libs.metro.javadoc" value="/home/diego/netbeans-8.1/enterprise/docs/metro-1.4-doc.zip" />
    <property name="libs.struts.maven-pom" value="" />
    <property name="annotation.processing.processor.options" value="" />
    <property name="libs.testng.maven-pom" value="" />
    <property name="libs.jaxb.src" value="" />
    <property name="work.dir" value="/home/diego/NetBeansProjects/TA2Evo" />
    <property name="libs.jaxb.classpath" value="/home/diego/netbeans-8.1/ide/modules/ext/jaxb/jaxb-impl.jar:/home/diego/netbeans-8.1/ide/modules/ext/jaxb/jaxb-xjc.jar:/home/diego/netbeans-8.1/ide/modules/ext/jaxb/jaxb1-impl.jar:/home/diego/netbeans-8.1/ide/modules/ext/jaxb/activation.jar:/home/diego/netbeans-8.1/ide/modules/ext/jaxb/api/jaxb-api.jar:/home/diego/netbeans-8.1/ide/modules/ext/jaxb/api/jsr173_1.0_api.jar" />
    <property name="do.depend" value="false" />
    <property name="dist.javadoc.dir" value="dist/javadoc" />
    <property name="libs.swing-layout.classpath" value="/home/diego/netbeans-8.1/platform/modules/ext/swing-layout-1.0.4.jar" />
    <property name="libs.spring-webmvc3.0.classpath" value="/home/diego/netbeans-8.1/java/modules/ext/spring-3.0/spring-webmvc-3.2.7.RELEASE.jar" />
    <property name="build.generated.dir" value="build/generated" />
    <property name="javac.source" value="1.5" />
    <property name="line.separator" value="&#xa;" />
    <property name="java.specification.version" value="1.7" />
    <property name="libs.jaxws21.maven-pom" value="" />
    <property name="java.vm.info" value="mixed mode" />
    <property name="nb.junit.batch" value="true" />
    <property name="junit.forkmode" value="perTest" />
    <property name="sun.boot.class.path" value="/usr/lib/jvm/java-7-openjdk-amd64/jre/lib/resources.jar:/usr/lib/jvm/java-7-openjdk-amd64/jre/lib/rt.jar:/usr/lib/jvm/java-7-openjdk-amd64/jre/lib/sunrsasign.jar:/usr/lib/jvm/java-7-openjdk-amd64/jre/lib/jsse.jar:/usr/lib/jvm/java-7-openjdk-amd64/jre/lib/jce.jar:/usr/lib/jvm/java-7-openjdk-amd64/jre/lib/charsets.jar:/usr/lib/jvm/java-7-openjdk-amd64/jre/lib/rhino.jar:/usr/lib/jvm/java-7-openjdk-amd64/jre/lib/jfr.jar:/usr/lib/jvm/java-7-openjdk-amd64/jre/classes" />
    <property name="javac.target" value="1.5" />
    <property name="built-jar.properties" value="/home/diego/NetBeansProjects/TA2Evo/build/built-jar.properties" />
    <property name="build.test.classes.dir" value="build/test/classes" />
    <property name="src.dir" value="src" />
    <property name="annotation.processing.enabled" value="true" />
    <property name="libs.jpa2-persistence.src" value="" />
    <property name="libs.jsf20.src" value="" />
    <property name="libs.jpa20-persistence.src" value="" />
    <property name="libs.jsf12.src" value="" />
    <property name="libs.JAVADB_DRIVER_LABEL.maven-pom" value="" />
    <property name="libs.struts.javadoc" value="/home/diego/netbeans-8.1/enterprise/docs/struts-1.3.10-javadoc.zip" />
    <property name="ignore.failing.tests" value="true" />
    <property name="libs.Comet-GlassFish-v3.classpath" value="" />
    <property name="libs.primefaces.src" value="" />
    <property name="ant.file.TA2Evo" value="/home/diego/NetBeansProjects/TA2Evo/build.xml" />
    <property name="dist.dir" value="dist" />
    <property name="testng.debug.mode" value="" />
    <property name="javac.fork" value="true" />
    <property name="java.awt.printerjob" value="sun.print.PSPrinterJob" />
    <property name="default.javac.source" value="1.8" />
    <property name="debug-transport-by-os" value="dt_socket" />
    <property name="libs.MySQLDriver.src" value="" />
    <property name="sun.jnu.encoding" value="UTF-8" />
    <property name="java.runtime.version" value="1.7.0_75-b13" />
    <property name="build.test.results.dir" value="build/test/results" />
    <property name="default.javac.target" value="1.8" />
    <property name="libs.junit_4.classpath" value="/home/diego/netbeans-8.1/platform/modules/ext/junit-4.12.jar" />
    <property name="user.timezone" value="" />
    <property name="nb.junit.single" value="false" />
    <property name="do.jar" value="true" />
    <property name="libs.JAVADB_DRIVER_LABEL.javadoc" value="" />
    <property name="libs.javaee-endorsed-api-6.0.maven-pom" value="" />
    <property name="libs.jsf20.javadoc" value="" />
    <property name="libs.jstl.javadoc" value="" />
    <property name="java.ext.dirs" value="/usr/lib/jvm/java-7-openjdk-amd64/jre/lib/ext:/usr/java/packages/lib/ext" />
    <property name="libs.metro.src" value="" />
    <property name="endorsed.classpath" value="" />
    <property name="libs.absolutelayout.classpath" value="/home/diego/netbeans-8.1/java/modules/ext/AbsoluteLayout.jar" />
    <property name="excludes" value="" />
    <property name="libs.metro.classpath" value="/home/diego/netbeans-8.1/ide/modules/ext/jaxb/activation.jar:/home/diego/netbeans-8.1/enterprise/modules/ext/metro/webservices-api.jar:/home/diego/netbeans-8.1/enterprise/modules/ext/metro/webservices-extra-api.jar:/home/diego/netbeans-8.1/enterprise/modules/ext/metro/webservices-extra.jar:/home/diego/netbeans-8.1/enterprise/modules/ext/metro/webservices-rt.jar:/home/diego/netbeans-8.1/enterprise/modules/ext/metro/webservices-tools.jar" />
    <property name="libs.jpa2-persistence.javadoc" value="/home/diego/netbeans-8.1/java/modules/ext/docs/javax.persistence-2.1.0-doc.zip" />
    <property name="java.class.path" value="/home/diego/NetBeansProjects/TA2Evo/build/classes:/home/diego/netbeans-8.1/platform/modules/ext/junit-4.12.jar:/home/diego/netbeans-8.1/platform/modules/ext/hamcrest-core-1.3.jar:/home/diego/NetBeansProjects/TA2Evo/build/test/classes:/home/diego/Descargas/ant/lib/ant-launcher.jar:/home/diego/Descargas/ant/lib/ant.jar:/home/diego/Descargas/ant/lib/ant-junit.jar:/home/diego/Descargas/ant/lib/ant-junit4.jar" />
    <property name="do.mkdist" value="true" />
    <property name="libs.absolutelayout.src" value="" />
    <property name="libs.jpa20-persistence.classpath" value="/home/diego/netbeans-8.1/java/modules/ext/eclipselink/javax.persistence_2.1.0.v201304241213.jar" />
    <property name="os.version" value="3.13.0-46-generic" />
    <property name="application.args" value="" />
    <property name="libs.EclipseLink-GlassFish-v3.javadoc" value="" />
    <property name="main.class.available" value="true" />
    <property name="sun.desktop" value="gnome" />
    <property name="libs.hibernate4-persistence.src" value="" />
    <property name="libs.hibernate4-support.maven-pom" value="" />
    <property name="libs.Comet-GlassFish-v3.src" value="" />
    <property name="libs.JAXB-ENDORSED.classpath" value="/home/diego/netbeans-8.1/ide/modules/ext/jaxb/api/jaxb-api.jar" />
    <property name="libs.eclipselink.classpath" value="/home/diego/netbeans-8.1/java/modules/ext/eclipselink/eclipselink.jar:/home/diego/netbeans-8.1/java/modules/ext/eclipselink/javax.persistence_2.1.0.v201304241213.jar:/home/diego/netbeans-8.1/java/modules/ext/eclipselink/org.eclipse.persistence.jpa.jpql_2.5.2.v20140319-9ad6abd.jar" />
    <property name="libs.beans-binding.javadoc" value="/home/diego/netbeans-8.1/java/docs/beansbinding-1.2.1-doc.zip" />
    <property name="java.awt.graphicsenv" value="sun.awt.X11GraphicsEnvironment" />
    <property name="java.vm.vendor" value="Oracle Corporation" />
    <property name="libs.CopyLibs.classpath" value="/home/diego/netbeans-8.1/java/ant/extra/org-netbeans-modules-java-j2seproject-copylibstask.jar" />
    <property name="libs.spring-framework300.classpath" value="/home/diego/netbeans-8.1/ide/modules/org-apache-commons-logging.jar:/home/diego/netbeans-8.1/java/modules/ext/cglib-2.2.jar:/home/diego/netbeans-8.1/java/modules/ext/spring-3.0/spring-aop-3.2.7.RELEASE.jar:/home/diego/netbeans-8.1/java/modules/ext/spring-3.0/spring-aspects-3.2.7.RELEASE.jar:/home/diego/netbeans-8.1/java/modules/ext/spring-3.0/spring-beans-3.2.7.RELEASE.jar:/home/diego/netbeans-8.1/java/modules/ext/spring-3.0/spring-build-src-3.2.7.RELEASE.jar:/home/diego/netbeans-8.1/java/modules/ext/spring-3.0/spring-context-3.2.7.RELEASE.jar:/home/diego/netbeans-8.1/java/modules/ext/spring-3.0/spring-context-support-3.2.7.RELEASE.jar:/home/diego/netbeans-8.1/java/modules/ext/spring-3.0/spring-core-3.2.7.RELEASE.jar:/home/diego/netbeans-8.1/java/modules/ext/spring-3.0/spring-expression-3.2.7.RELEASE.jar:/home/diego/netbeans-8.1/java/modules/ext/spring-3.0/spring-framework-bom-3.2.7.RELEASE.jar:/home/diego/netbeans-8.1/java/modules/ext/spring-3.0/spring-instrument-3.2.7.RELEASE.jar:/home/diego/netbeans-8.1/java/modules/ext/spring-3.0/spring-instrument-tomcat-3.2.7.RELEASE.jar:/home/diego/netbeans-8.1/java/modules/ext/spring-3.0/spring-jdbc-3.2.7.RELEASE.jar:/home/diego/netbeans-8.1/java/modules/ext/spring-3.0/spring-jms-3.2.7.RELEASE.jar:/home/diego/netbeans-8.1/java/modules/ext/spring-3.0/spring-orm-3.2.7.RELEASE.jar:/home/diego/netbeans-8.1/java/modules/ext/spring-3.0/spring-oxm-3.2.7.RELEASE.jar:/home/diego/netbeans-8.1/java/modules/ext/spring-3.0/spring-struts-3.2.7.RELEASE.jar:/home/diego/netbeans-8.1/java/modules/ext/spring-3.0/spring-test-3.2.7.RELEASE.jar:/home/diego/netbeans-8.1/java/modules/ext/spring-3.0/spring-tx-3.2.7.RELEASE.jar:/home/diego/netbeans-8.1/java/modules/ext/spring-3.0/spring-web-3.2.7.RELEASE.jar:/home/diego/netbeans-8.1/java/modules/ext/spring-3.0/spring-webmvc-3.2.7.RELEASE.jar:/home/diego/netbeans-8.1/java/modules/ext/spring-3.0/spring-webmvc-portlet-3.2.7.RELEASE.jar" />
    <property name="libs.jsp-compiler.maven-pom" value="" />
    <property name="libs.hamcrest.src" value="" />
    <property name="run.jvmargs" value="" />
    <property name="libs.hibernate4-persistence.classpath" value="/home/diego/netbeans-8.1/java/modules/ext/hibernate4/antlr-2.7.7.jar:/home/diego/netbeans-8.1/java/modules/ext/hibernate4/c3p0-0.9.2.1.jar:/home/diego/netbeans-8.1/java/modules/ext/hibernate4/hibernate-c3p0-4.3.1.Final.jar:/home/diego/netbeans-8.1/java/modules/ext/hibernate4/mchange-commons-java-0.2.3.4.jar:/home/diego/netbeans-8.1/java/modules/ext/hibernate4/dom4j-1.6.1.jar:/home/diego/netbeans-8.1/java/modules/ext/hibernate4/ehcache-core-2.4.3.jar:/home/diego/netbeans-8.1/java/modules/ext/hibernate4/hibernate-ehcache-4.3.1.Final.jar:/home/diego/netbeans-8.1/java/modules/ext/hibernate4/hibernate-core-4.3.1.Final.jar:/home/diego/netbeans-8.1/java/modules/ext/hibernate4/jboss-logging-3.1.3.GA.jar:/home/diego/netbeans-8.1/java/modules/ext/hibernate4/hibernate-commons-annotations-4.0.4.Final.jar:/home/diego/netbeans-8.1/java/modules/ext/hibernate4/hibernate-entitymanager-4.3.1.Final.jar:/home/diego/netbeans-8.1/java/modules/ext/hibernate4/javassist-3.18.1-GA.jar:/home/diego/netbeans-8.1/java/modules/ext/hibernate4/jboss-transaction-api_1.2_spec-1.0.0.Final.jar:/home/diego/netbeans-8.1/java/modules/ext/hibernate4/slf4j-api-1.6.1.jar:/home/diego/netbeans-8.1/java/modules/ext/hibernate4/slf4j-simple-1.6.1.jar:/home/diego/netbeans-8.1/java/modules/ext/hibernate4/hibernate-jpa-2.1-api-1.0.0.Final.jar" />
    <property name="libs.JAXB-ENDORSED.src" value="" />
    <property name="dist.archive.excludes" value="" />
    <property name="libs.testng.javadoc" value="/home/diego/netbeans-8.1/platform/docs/testng-6.8.1-javadoc.zip" />
    <property name="ant.file.type" value="file" />
    <property name="libs.PostgreSQLDriver.classpath" value="/home/diego/netbeans-8.1/ide/modules/ext/postgresql-9.2-1002.jdbc4.jar" />
    <property name="libs.jsf12.maven-pom" value="" />
    <property name="libs.hibernate4-persistencemodelgen.classpath" value="/home/diego/netbeans-8.1/java/modules/ext/hibernate4/hibernate-jpamodelgen-4.3.1.Final.jar" />
    <property name="annotation.processing.source.output" value="build/generated-sources/ap-source-output" />
    <property name="ant.file.type.TA2Evo-impl" value="file" />
    <property name="main.class" value="test.Pruebas.java" />
    <property name="libs.CopyLibs.src" value="" />
    <property name="build.dir" value="build" />
    <property name="libs.jsp-compilation.classpath" value="/home/diego/netbeans-8.1/extide/ant/lib/ant.jar:/home/diego/netbeans-8.1/enterprise/modules/ext/servlet3.1-jsp2.3-api.jar:/home/diego/netbeans-8.1/enterprise/modules/ext/glassfish-jspparser-4.0.jar:/home/diego/netbeans-8.1/enterprise/modules/ext/jsf-2_2/javax.faces.jar:/home/diego/netbeans-8.1/enterprise/modules/ext/jstl-api.jar:/home/diego/netbeans-8.1/extide/ant/lib/ant-launcher.jar" />
    <property name="ant.version" value="Apache Ant(TM) version 1.9.7 compiled on April 9 2016" />
    <property name="libs.javaee-api-5.0.classpath" value="/home/diego/.netbeans/8.1/modules/ext/javaee5.jar" />
    <property name="file.encoding" value="UTF-8" />
    <property name="build.classes.excludes" value="**/*.java,**/*.form" />
    <property name="jdkBug6558476" value="false" />
    <property name="javadoc.nonavbar" value="false" />
    <property name="libs.spring-webmvc4.0.classpath" value="/home/diego/netbeans-8.1/java/modules/ext/spring-4/spring-webmvc-4.0.1.RELEASE.jar" />
    <property name="platform.active" value="default_platform" />
    <property name="awt.toolkit" value="sun.awt.X11.XToolkit" />
  </properties>
  <testcase classname="TodoTest" name="pruebaExcepcion1" time="0.003" />
  <testcase classname="TodoTest" name="pruebaExcepcion2" time="0.001" />
  <testcase classname="TodoTest" name="pruebaEsPar" time="0.018" />
  <testcase classname="TodoTest" name="pruebaListaCoordsVector" time="0.004" />
  <testcase classname="TodoTest" name="pruebaListaPrimos" time="0.001" />
  <testcase classname="TodoTest" name="probarSuma" time="0.017" />
  <testcase classname="TodoTest" name="pruebaObjetoVectorClonado" time="0.0" />
  <testcase classname="TodoTest" name="probarInterpretadorTextoDif" time="0.016" />
  <testcase classname="TodoTest" name="pruebaObjeto2" time="0.0" />
  <testcase classname="TodoTest" name="probarModuloVector" time="0.016" />
  <testcase classname="TodoTest" name="probarInterpretadorTexto" time="0.01" />
  <system-out><![CDATA[]]></system-out>
  <system-err><![CDATA[]]></system-err>
</testsuite>
